10 processes
Using preemptive Shortest Job First
Time    0: P01 arrived
Time    0: P01 selected (burst    5)
Time    1: P01 selected (burst    4)
Time    2: P01 selected (burst    3)
Time    3: P01 selected (burst    2)
Time    4: P01 selected (burst    1)
Time    5: P01 finished
Time    5: P02 arrived
Time    5: P02 selected (burst    9)
Time    6: P02 selected (burst    8)
Time    7: P02 selected (burst    7)
Time    8: P02 selected (burst    6)
Time    9: P03 arrived
Time    9: P03 selected (burst    3)
Time   10: P04 arrived
Time   10: P03 selected (burst    2)
Time   11: P05 arrived
Time   11: P03 selected (burst    1)
Time   12: P03 finished
Time   12: P06 arrived
Time   12: P04 selected (burst    4)
Time   13: P04 selected (burst    3)
Time   14: P04 selected (burst    2)
Time   15: P04 selected (burst    1)
Time   16: P04 finished
Time   16: P06 selected (burst    4)
Time   17: P06 selected (burst    3)
Time   18: P07 arrived
Time   18: P06 selected (burst    2)
Time   19: P06 selected (burst    1)
Time   20: P06 finished
Time   20: P02 selected (burst    5)
Time   21: P02 selected (burst    4)
Time   22: P02 selected (burst    3)
Time   23: P02 selected (burst    2)
Time   24: P02 selected (burst    1)
Time   25: P02 finished
Time   25: P08 arrived
Time   25: P08 selected (burst    4)
Time   26: P08 selected (burst    3)
Time   27: P08 selected (burst    2)
Time   28: P08 selected (burst    1)
Time   29: P08 finished
Time   29: P07 selected (burst    5)
Time   30: P09 arrived
Time   30: P07 selected (burst    4)
Time   31: P07 selected (burst    3)
Time   32: P07 selected (burst    2)
Time   33: P07 selected (burst    1)
Time   34: P07 finished
Time   34: P10 arrived
Time   34: P09 selected (burst    7)
Time   35: P09 selected (burst    6)
Time   36: P09 selected (burst    5)
Time   37: P09 selected (burst    4)
Time   38: P09 selected (burst    3)
Time   39: P09 selected (burst    2)
Time   40: P09 selected (burst    1)
Time   41: P09 finished
Time   41: P05 selected (burst    8)
Time   42: P05 selected (burst    7)
Time   43: P05 selected (burst    6)
Time   44: P05 selected (burst    5)
Time   45: P05 selected (burst    4)
Time   46: P05 selected (burst    3)
Time   47: P05 selected (burst    2)
Time   48: P05 selected (burst    1)
Time   49: P05 finished
Time   49: P10 selected (burst   10)
Time   50: P10 selected (burst    9)
Time   51: P10 selected (burst    8)
Time   52: P10 selected (burst    7)
Time   53: P10 selected (burst    6)
Time   54: P10 selected (burst    5)
Time   55: P10 selected (burst    4)
Time   56: P10 selected (burst    3)
Time   57: P10 selected (burst    2)
Time   58: P10 selected (burst    1)
Time   59: P10 finished
Time   59: Idle
Finished at time   60
P01 wait 0 turnaround 5 response 0
P03 wait 0 turnaround 3 response 0
P04 wait 2 turnaround 6 response 2
P06 wait 4 turnaround 8 response 4
P02 wait 11 turnaround 20 response 0
P08 wait 0 turnaround 4 response 0
P07 wait 11 turnaround 16 response 11
P09 wait 4 turnaround 11 response 4
P05 wait 30 turnaround 38 response 30
P10 wait 15 turnaround 25 response 15